<?xml version="1.0" encoding="UTF-8"?>
<testng-results ignored="0" total="1" passed="1" failed="0" skipped="0">
  <reporter-output>
  </reporter-output>
  <suite started-at="2024-05-20T11:04:40 EEST" name="Default suite" finished-at="2024-05-20T11:04:48 EEST" duration-ms="8320">
    <groups>
    </groups>
    <test started-at="2024-05-20T11:04:40 EEST" name="Default test" finished-at="2024-05-20T11:04:48 EEST" duration-ms="8320">
      <class name="tests.test">
        <test-method is-config="true" signature="setUp()[pri:0, instance:tests.test@188715b5]" started-at="2024-05-20T11:04:40 EEST" name="setUp" finished-at="2024-05-20T11:04:42 EEST" duration-ms="1821" status="PASS">
          <reporter-output>
          </reporter-output>
        </test-method> <!-- setUp -->
        <test-method signature="searchTest()[pri:0, instance:tests.test@188715b5]" started-at="2024-05-20T11:04:42 EEST" name="searchTest" finished-at="2024-05-20T11:04:47 EEST" duration-ms="5783" status="PASS">
          <reporter-output>
          </reporter-output>
        </test-method> <!-- searchTest -->
        <test-method is-config="true" signature="close()[pri:0, instance:tests.test@188715b5]" started-at="2024-05-20T11:04:47 EEST" name="close" finished-at="2024-05-20T11:04:48 EEST" duration-ms="685" status="PASS">
          <reporter-output>
          </reporter-output>
        </test-method> <!-- close -->
      </class> <!-- tests.test -->
    </test> <!-- Default test -->
  </suite> <!-- Default suite -->
</testng-results>
